<?xml version="1.0" encoding="UTF-8"?>
<testng-results total="2" passed="2" failed="0" skipped="0">
  <reporter-output>
  </reporter-output>
  <suite started-at="2022-07-18T11:10:12Z" name="Default suite" finished-at="2022-07-18T11:10:12Z" duration-ms="43">
    <groups>
    </groups>
    <test started-at="2022-07-18T11:10:12Z" name="Default test" finished-at="2022-07-18T11:10:12Z" duration-ms="43">
      <class name="org.tyss.Practice1Test">
        <test-method signature="practice1test()[pri:0, instance:org.tyss.Practice1Test@75d2da2d]" started-at="2022-07-18T16:40:12Z" name="practice1test" finished-at="2022-07-18T16:40:12Z" duration-ms="18" status="PASS">
          <reporter-output>
          </reporter-output>
        </test-method> <!-- practice1test -->
        <test-method signature="practice2test()[pri:0, instance:org.tyss.Practice1Test@75d2da2d]" started-at="2022-07-18T16:40:12Z" name="practice2test" finished-at="2022-07-18T16:40:12Z" duration-ms="2" status="PASS">
          <reporter-output>
          </reporter-output>
        </test-method> <!-- practice2test -->
      </class> <!-- org.tyss.Practice1Test -->
    </test> <!-- Default test -->
  </suite> <!-- Default suite -->
</testng-results>
